# JRE version: OpenJDK Runtime Environment Temurin-17.0.4+8 (17.0.4+8) (build 17.0.4+8)
# Java VM: OpenJDK 64-Bit Server VM Temurin-17.0.4+8 (17.0.4+8, mixed mode, emulated-client, tiered, compressed oops, compressed class ptrs, g1 gc, windows-amd64)
GC Precious Log:
 CPUs: 8 total, 8 available
 Memory: 6019M
 Large Page Support: Disabled
 NUMA Support: Disabled
 Compressed Oops: Enabled (32-bit)
 Heap Region Size: 1M
 Heap Min Capacity: 8M
 Heap Initial Capacity: 96M
 Heap Max Capacity: 1506M
 Pre-touch: Disabled
 Parallel Workers: 8
 Concurrent Workers: 2
 Concurrent Refinement Workers: 8
 Periodic GC: Disabled
Heap:
 garbage-first heap   total 139264K, used 67188K [0x00000000a1e00000, 0x0000000100000000)
  region size 1024K, 3 young (3072K), 3 survivors (3072K)
 Metaspace       used 34501K, committed 34816K, reserved 1081344K
  class space    used 4468K, committed 4608K, reserved 1048576K
GC Heap History (20 events):
Event: 5.446 GC heap after
{Heap after GC invocations=10 (full 0):
 garbage-first heap   total 69632K, used 23979K [0x00000000a1e00000, 0x0000000100000000)
  region size 1024K, 2 young (2048K), 2 survivors (2048K)
 Metaspace       used 31794K, committed 32064K, reserved 1081344K
  class space    used 4006K, committed 4160K, reserved 1048576K
}
Event: 5.561 GC heap before
{Heap before GC invocations=11 (full 0):
 garbage-first heap   total 69632K, used 48555K [0x00000000a1e00000, 0x0000000100000000)
  region size 1024K, 26 young (26624K), 2 survivors (2048K)
 Metaspace       used 32325K, committed 32640K, reserved 1081344K
  class space    used 4095K, committed 4224K, reserved 1048576K
}
Event: 5.568 GC heap after
{Heap after GC invocations=12 (full 0):
 garbage-first heap   total 69632K, used 28311K [0x00000000a1e00000, 0x0000000100000000)
  region size 1024K, 4 young (4096K), 4 survivors (4096K)
 Metaspace       used 32325K, committed 32640K, reserved 1081344K
  class space    used 4095K, committed 4224K, reserved 1048576K
}
Event: 5.625 GC heap before
{Heap before GC invocations=12 (full 0):
 garbage-first heap   total 69632K, used 48791K [0x00000000a1e00000, 0x0000000100000000)
  region size 1024K, 25 young (25600K), 4 survivors (4096K)
 Metaspace       used 32671K, committed 32960K, reserved 1081344K
  class space    used 4148K, committed 4288K, reserved 1048576K
}
Event: 5.632 GC heap after
{Heap after GC invocations=13 (full 0):
 garbage-first heap   total 69632K, used 32404K [0x00000000a1e00000, 0x0000000100000000)
  region size 1024K, 4 young (4096K), 4 survivors (4096K)
 Metaspace       used 32671K, committed 32960K, reserved 1081344K
  class space    used 4148K, committed 4288K, reserved 1048576K
}
Event: 5.670 GC heap before
{Heap before GC invocations=13 (full 0):
 garbage-first heap   total 69632K, used 51860K [0x00000000a1e00000, 0x0000000100000000)
  region size 1024K, 23 young (23552K), 4 survivors (4096K)
 Metaspace       used 32786K, committed 33088K, reserved 1081344K
  class space    used 4165K, committed 4288K, reserved 1048576K
}
Event: 5.679 GC heap after
{Heap after GC invocations=14 (full 0):
 garbage-first heap   total 69632K, used 38803K [0x00000000a1e00000, 0x0000000100000000)
  region size 1024K, 3 young (3072K), 3 survivors (3072K)
 Metaspace       used 32786K, committed 33088K, reserved 1081344K
  class space    used 4165K, committed 4288K, reserved 1048576K
}
Event: 5.714 GC heap before
{Heap before GC invocations=14 (full 0):
 garbage-first heap   total 69632K, used 51091K [0x00000000a1e00000, 0x0000000100000000)
  region size 1024K, 15 young (15360K), 3 survivors (3072K)
 Metaspace       used 32970K, committed 33216K, reserved 1081344K
  class space    used 4189K, committed 4288K, reserved 1048576K
}
Event: 5.718 GC heap after
{Heap after GC invocations=15 (full 0):
 garbage-first heap   total 69632K, used 41588K [0x00000000a1e00000, 0x0000000100000000)
  region size 1024K, 2 young (2048K), 2 survivors (2048K)
 Metaspace       used 32970K, committed 33216K, reserved 1081344K
  class space    used 4189K, committed 4288K, reserved 1048576K
}
Event: 5.751 GC heap before
{Heap before GC invocations=15 (full 0):
 garbage-first heap   total 69632K, used 52852K [0x00000000a1e00000, 0x0000000100000000)
  region size 1024K, 13 young (13312K), 2 survivors (2048K)
 Metaspace       used 33128K, committed 33408K, reserved 1081344K
  class space    used 4210K, committed 4352K, reserved 1048576K
}
Event: 5.756 GC heap after
{Heap after GC invocations=16 (full 0):
 garbage-first heap   total 139264K, used 44135K [0x00000000a1e00000, 0x0000000100000000)
  region size 1024K, 2 young (2048K), 2 survivors (2048K)
 Metaspace       used 33128K, committed 33408K, reserved 1081344K
  class space    used 4210K, committed 4352K, reserved 1048576K
}
Event: 6.575 GC heap before
{Heap before GC invocations=17 (full 0):
 garbage-first heap   total 139264K, used 97383K [0x00000000a1e00000, 0x0000000100000000)
  region size 1024K, 53 young (54272K), 2 survivors (2048K)
 Metaspace       used 34307K, committed 34624K, reserved 1081344K
  class space    used 4432K, committed 4544K, reserved 1048576K
}
Event: 6.603 GC heap after
{Heap after GC invocations=18 (full 0):
 garbage-first heap   total 139264K, used 62467K [0x00000000a1e00000, 0x0000000100000000)
  region size 1024K, 7 young (7168K), 7 survivors (7168K)
 Metaspace       used 34307K, committed 34624K, reserved 1081344K
  class space    used 4432K, committed 4544K, reserved 1048576K
}
Event: 6.605 GC heap before
{Heap before GC invocations=18 (full 0):
 garbage-first heap   total 139264K, used 62467K [0x00000000a1e00000, 0x0000000100000000)
  region size 1024K, 8 young (8192K), 7 survivors (7168K)
 Metaspace       used 34307K, committed 34624K, reserved 1081344K
  class space    used 4432K, committed 4544K, reserved 1048576K
}
Event: 6.610 GC heap after
{Heap after GC invocations=19 (full 0):
 garbage-first heap   total 139264K, used 63818K [0x00000000a1e00000, 0x0000000100000000)
  region size 1024K, 1 young (1024K), 1 survivors (1024K)
 Metaspace       used 34307K, committed 34624K, reserved 1081344K
  class space    used 4432K, committed 4544K, reserved 1048576K
}
Event: 6.633 GC heap before
{Heap before GC invocations=19 (full 0):
 garbage-first heap   total 139264K, used 92490K [0x00000000a1e00000, 0x0000000100000000)
  region size 1024K, 30 young (30720K), 1 survivors (1024K)
 Metaspace       used 34353K, committed 34624K, reserved 1081344K
  class space    used 4442K, committed 4544K, reserved 1048576K
}
Event: 6.635 GC heap after
{Heap after GC invocations=20 (full 0):
 garbage-first heap   total 139264K, used 64479K [0x00000000a1e00000, 0x0000000100000000)
  region size 1024K, 2 young (2048K), 2 survivors (2048K)
 Metaspace       used 34353K, committed 34624K, reserved 1081344K
  class space    used 4442K, committed 4544K, reserved 1048576K
}
Event: 6.662 GC heap before
{Heap before GC invocations=20 (full 0):
 garbage-first heap   total 139264K, used 95199K [0x00000000a1e00000, 0x0000000100000000)
  region size 1024K, 33 young (33792K), 2 survivors (2048K)
 Metaspace       used 34394K, committed 34688K, reserved 1081344K
  class space    used 4453K, committed 4544K, reserved 1048576K
}
Event: 6.664 GC heap after
{Heap after GC invocations=21 (full 0):
 garbage-first heap   total 139264K, used 65832K [0x00000000a1e00000, 0x0000000100000000)
  region size 1024K, 3 young (3072K), 3 survivors (3072K)
 Metaspace       used 34394K, committed 34688K, reserved 1081344K
  class space    used 4453K, committed 4544K, reserved 1048576K
}
Event: 6.698 GC heap before
{Heap before GC invocations=21 (full 0):
 garbage-first heap   total 139264K, used 100648K [0x00000000a1e00000, 0x0000000100000000)
  region size 1024K, 38 young (38912K), 3 survivors (3072K)
 Metaspace       used 34501K, committed 34816K, reserved 1081344K
  class space    used 4468K, committed 4608K, reserved 1048576K
}

