# JRE version: OpenJDK Runtime Environment Temurin-17.0.4+8 (17.0.4+8) (build 17.0.4+8)
# Java VM: OpenJDK 64-Bit Server VM Temurin-17.0.4+8 (17.0.4+8, mixed mode, emulated-client, tiered, compressed oops, compressed class ptrs, g1 gc, windows-amd64)
GC Precious Log:
 CPUs: 8 total, 8 available
 Memory: 6019M
 Large Page Support: Disabled
 NUMA Support: Disabled
 Compressed Oops: Enabled (32-bit)
 Heap Region Size: 1M
 Heap Min Capacity: 8M
 Heap Initial Capacity: 96M
 Heap Max Capacity: 1506M
 Pre-touch: Disabled
 Parallel Workers: 8
 Concurrent Workers: 2
 Concurrent Refinement Workers: 8
 Periodic GC: Disabled
Heap:
 garbage-first heap   total 89088K, used 25841K [0x00000000a1e00000, 0x0000000100000000)
  region size 1024K, 1 young (1024K), 0 survivors (0K)
 Metaspace       used 44831K, committed 45312K, reserved 1089536K
  class space    used 6074K, committed 6272K, reserved 1048576K
GC Heap History (20 events):
Event: 43945.342 GC heap before
{Heap before GC invocations=1482 (full 1446):
 garbage-first heap   total 89088K, used 25841K [0x00000000a1e00000, 0x0000000100000000)
  region size 1024K, 1 young (1024K), 0 survivors (0K)
 Metaspace       used 44831K, committed 45312K, reserved 1089536K
  class space    used 6074K, committed 6272K, reserved 1048576K
}
Event: 43945.380 GC heap after
{Heap after GC invocations=1483 (full 1447):
 garbage-first heap   total 89088K, used 25841K [0x00000000a1e00000, 0x0000000100000000)
  region size 1024K, 0 young (0K), 0 survivors (0K)
 Metaspace       used 44831K, committed 45312K, reserved 1089536K
  class space    used 6074K, committed 6272K, reserved 1048576K
}
Event: 43955.567 GC heap before
{Heap before GC invocations=1483 (full 1447):
 garbage-first heap   total 89088K, used 25841K [0x00000000a1e00000, 0x0000000100000000)
  region size 1024K, 1 young (1024K), 0 survivors (0K)
 Metaspace       used 44831K, committed 45312K, reserved 1089536K
  class space    used 6074K, committed 6272K, reserved 1048576K
}
Event: 43955.607 GC heap after
{Heap after GC invocations=1484 (full 1448):
 garbage-first heap   total 89088K, used 25841K [0x00000000a1e00000, 0x0000000100000000)
  region size 1024K, 0 young (0K), 0 survivors (0K)
 Metaspace       used 44831K, committed 45312K, reserved 1089536K
  class space    used 6074K, committed 6272K, reserved 1048576K
}
Event: 43965.787 GC heap before
{Heap before GC invocations=1484 (full 1448):
 garbage-first heap   total 89088K, used 25841K [0x00000000a1e00000, 0x0000000100000000)
  region size 1024K, 1 young (1024K), 0 survivors (0K)
 Metaspace       used 44831K, committed 45312K, reserved 1089536K
  class space    used 6074K, committed 6272K, reserved 1048576K
}
Event: 43965.824 GC heap after
{Heap after GC invocations=1485 (full 1449):
 garbage-first heap   total 89088K, used 25841K [0x00000000a1e00000, 0x0000000100000000)
  region size 1024K, 0 young (0K), 0 survivors (0K)
 Metaspace       used 44831K, committed 45312K, reserved 1089536K
  class space    used 6074K, committed 6272K, reserved 1048576K
}
Event: 43976.007 GC heap before
{Heap before GC invocations=1485 (full 1449):
 garbage-first heap   total 89088K, used 25841K [0x00000000a1e00000, 0x0000000100000000)
  region size 1024K, 1 young (1024K), 0 survivors (0K)
 Metaspace       used 44831K, committed 45312K, reserved 1089536K
  class space    used 6074K, committed 6272K, reserved 1048576K
}
Event: 43976.054 GC heap after
{Heap after GC invocations=1486 (full 1450):
 garbage-first heap   total 89088K, used 25841K [0x00000000a1e00000, 0x0000000100000000)
  region size 1024K, 0 young (0K), 0 survivors (0K)
 Metaspace       used 44831K, committed 45312K, reserved 1089536K
  class space    used 6074K, committed 6272K, reserved 1048576K
}
Event: 43986.233 GC heap before
{Heap before GC invocations=1486 (full 1450):
 garbage-first heap   total 89088K, used 25841K [0x00000000a1e00000, 0x0000000100000000)
  region size 1024K, 1 young (1024K), 0 survivors (0K)
 Metaspace       used 44831K, committed 45312K, reserved 1089536K
  class space    used 6074K, committed 6272K, reserved 1048576K
}
Event: 43986.267 GC heap after
{Heap after GC invocations=1487 (full 1451):
 garbage-first heap   total 89088K, used 25841K [0x00000000a1e00000, 0x0000000100000000)
  region size 1024K, 0 young (0K), 0 survivors (0K)
 Metaspace       used 44831K, committed 45312K, reserved 1089536K
  class space    used 6074K, committed 6272K, reserved 1048576K
}
Event: 43996.458 GC heap before
{Heap before GC invocations=1487 (full 1451):
 garbage-first heap   total 89088K, used 25841K [0x00000000a1e00000, 0x0000000100000000)
  region size 1024K, 1 young (1024K), 0 survivors (0K)
 Metaspace       used 44831K, committed 45312K, reserved 1089536K
  class space    used 6074K, committed 6272K, reserved 1048576K
}
Event: 43996.501 GC heap after
{Heap after GC invocations=1488 (full 1452):
 garbage-first heap   total 89088K, used 25841K [0x00000000a1e00000, 0x0000000100000000)
  region size 1024K, 0 young (0K), 0 survivors (0K)
 Metaspace       used 44831K, committed 45312K, reserved 1089536K
  class space    used 6074K, committed 6272K, reserved 1048576K
}
Event: 44006.649 GC heap before
{Heap before GC invocations=1488 (full 1452):
 garbage-first heap   total 89088K, used 25841K [0x00000000a1e00000, 0x0000000100000000)
  region size 1024K, 1 young (1024K), 0 survivors (0K)
 Metaspace       used 44831K, committed 45312K, reserved 1089536K
  class space    used 6074K, committed 6272K, reserved 1048576K
}
Event: 44006.686 GC heap after
{Heap after GC invocations=1489 (full 1453):
 garbage-first heap   total 89088K, used 25841K [0x00000000a1e00000, 0x0000000100000000)
  region size 1024K, 0 young (0K), 0 survivors (0K)
 Metaspace       used 44831K, committed 45312K, reserved 1089536K
  class space    used 6074K, committed 6272K, reserved 1048576K
}
Event: 44016.993 GC heap before
{Heap before GC invocations=1489 (full 1453):
 garbage-first heap   total 89088K, used 25841K [0x00000000a1e00000, 0x0000000100000000)
  region size 1024K, 1 young (1024K), 0 survivors (0K)
 Metaspace       used 44831K, committed 45312K, reserved 1089536K
  class space    used 6074K, committed 6272K, reserved 1048576K
}
Event: 44017.032 GC heap after
{Heap after GC invocations=1490 (full 1454):
 garbage-first heap   total 89088K, used 25841K [0x00000000a1e00000, 0x0000000100000000)
  region size 1024K, 0 young (0K), 0 survivors (0K)
 Metaspace       used 44831K, committed 45312K, reserved 1089536K
  class space    used 6074K, committed 6272K, reserved 1048576K
}
Event: 44027.260 GC heap before
{Heap before GC invocations=1490 (full 1454):
 garbage-first heap   total 89088K, used 25841K [0x00000000a1e00000, 0x0000000100000000)
  region size 1024K, 1 young (1024K), 0 survivors (0K)
 Metaspace       used 44831K, committed 45312K, reserved 1089536K
  class space    used 6074K, committed 6272K, reserved 1048576K
}
Event: 44027.300 GC heap after
{Heap after GC invocations=1491 (full 1455):
 garbage-first heap   total 89088K, used 25841K [0x00000000a1e00000, 0x0000000100000000)
  region size 1024K, 0 young (0K), 0 survivors (0K)
 Metaspace       used 44831K, committed 45312K, reserved 1089536K
  class space    used 6074K, committed 6272K, reserved 1048576K
}
Event: 44037.506 GC heap before
{Heap before GC invocations=1491 (full 1455):
 garbage-first heap   total 89088K, used 25841K [0x00000000a1e00000, 0x0000000100000000)
  region size 1024K, 1 young (1024K), 0 survivors (0K)
 Metaspace       used 44831K, committed 45312K, reserved 1089536K
  class space    used 6074K, committed 6272K, reserved 1048576K
}
Event: 44037.545 GC heap after
{Heap after GC invocations=1492 (full 1456):
 garbage-first heap   total 89088K, used 25841K [0x00000000a1e00000, 0x0000000100000000)
  region size 1024K, 0 young (0K), 0 survivors (0K)
 Metaspace       used 44831K, committed 45312K, reserved 1089536K
  class space    used 6074K, committed 6272K, reserved 1048576K
}

