# JRE version: OpenJDK Runtime Environment Temurin-17.0.4+8 (17.0.4+8) (build 17.0.4+8)
# Java VM: OpenJDK 64-Bit Server VM Temurin-17.0.4+8 (17.0.4+8, mixed mode, emulated-client, tiered, compressed oops, compressed class ptrs, g1 gc, windows-amd64)
GC Precious Log:
 CPUs: 8 total, 8 available
 Memory: 6019M
 Large Page Support: Disabled
 NUMA Support: Disabled
 Compressed Oops: Enabled (32-bit)
 Heap Region Size: 1M
 Heap Min Capacity: 8M
 Heap Initial Capacity: 96M
 Heap Max Capacity: 1506M
 Pre-touch: Disabled
 Parallel Workers: 8
 Concurrent Workers: 2
 Concurrent Refinement Workers: 8
 Periodic GC: Disabled
Heap:
 garbage-first heap   total 240640K, used 80448K [0x00000000a1e00000, 0x0000000100000000)
  region size 1024K, 10 young (10240K), 10 survivors (10240K)
 Metaspace       used 34774K, committed 35136K, reserved 1081344K
  class space    used 4513K, committed 4672K, reserved 1048576K
GC Heap History (20 events):
Event: 3.957 GC heap after
{Heap after GC invocations=13 (full 0):
 garbage-first heap   total 98304K, used 31597K [0x00000000a1e00000, 0x0000000100000000)
  region size 1024K, 2 young (2048K), 2 survivors (2048K)
 Metaspace       used 33120K, committed 33408K, reserved 1081344K
  class space    used 4201K, committed 4352K, reserved 1048576K
}
Event: 4.065 GC heap before
{Heap before GC invocations=14 (full 0):
 garbage-first heap   total 98304K, used 69485K [0x00000000a1e00000, 0x0000000100000000)
  region size 1024K, 39 young (39936K), 2 survivors (2048K)
 Metaspace       used 33489K, committed 33792K, reserved 1081344K
  class space    used 4264K, committed 4416K, reserved 1048576K
}
Event: 4.074 GC heap after
{Heap after GC invocations=15 (full 0):
 garbage-first heap   total 98304K, used 41366K [0x00000000a1e00000, 0x0000000100000000)
  region size 1024K, 5 young (5120K), 5 survivors (5120K)
 Metaspace       used 33489K, committed 33792K, reserved 1081344K
  class space    used 4264K, committed 4416K, reserved 1048576K
}
Event: 4.168 GC heap before
{Heap before GC invocations=15 (full 0):
 garbage-first heap   total 98304K, used 67990K [0x00000000a1e00000, 0x0000000100000000)
  region size 1024K, 32 young (32768K), 5 survivors (5120K)
 Metaspace       used 33949K, committed 34304K, reserved 1081344K
  class space    used 4347K, committed 4480K, reserved 1048576K
}
Event: 4.176 GC heap after
{Heap after GC invocations=16 (full 0):
 garbage-first heap   total 98304K, used 47104K [0x00000000a1e00000, 0x0000000100000000)
  region size 1024K, 4 young (4096K), 4 survivors (4096K)
 Metaspace       used 33949K, committed 34304K, reserved 1081344K
  class space    used 4347K, committed 4480K, reserved 1048576K
}
Event: 4.322 GC heap before
{Heap before GC invocations=16 (full 0):
 garbage-first heap   total 98304K, used 72704K [0x00000000a1e00000, 0x0000000100000000)
  region size 1024K, 29 young (29696K), 4 survivors (4096K)
 Metaspace       used 34576K, committed 34880K, reserved 1081344K
  class space    used 4490K, committed 4608K, reserved 1048576K
}
Event: 4.331 GC heap after
{Heap after GC invocations=17 (full 0):
 garbage-first heap   total 98304K, used 57929K [0x00000000a1e00000, 0x0000000100000000)
  region size 1024K, 4 young (4096K), 4 survivors (4096K)
 Metaspace       used 34576K, committed 34880K, reserved 1081344K
  class space    used 4490K, committed 4608K, reserved 1048576K
}
Event: 4.335 GC heap before
{Heap before GC invocations=17 (full 0):
 garbage-first heap   total 98304K, used 57929K [0x00000000a1e00000, 0x0000000100000000)
  region size 1024K, 5 young (5120K), 4 survivors (4096K)
 Metaspace       used 34576K, committed 34880K, reserved 1081344K
  class space    used 4490K, committed 4608K, reserved 1048576K
}
Event: 4.339 GC heap after
{Heap after GC invocations=18 (full 0):
 garbage-first heap   total 98304K, used 60304K [0x00000000a1e00000, 0x0000000100000000)
  region size 1024K, 2 young (2048K), 2 survivors (2048K)
 Metaspace       used 34576K, committed 34880K, reserved 1081344K
  class space    used 4490K, committed 4608K, reserved 1048576K
}
Event: 4.377 GC heap before
{Heap before GC invocations=18 (full 0):
 garbage-first heap   total 98304K, used 72592K [0x00000000a1e00000, 0x0000000100000000)
  region size 1024K, 14 young (14336K), 2 survivors (2048K)
 Metaspace       used 34664K, committed 34944K, reserved 1081344K
  class space    used 4498K, committed 4608K, reserved 1048576K
}
Event: 4.394 GC heap after
{Heap after GC invocations=19 (full 0):
 garbage-first heap   total 240640K, used 65331K [0x00000000a1e00000, 0x0000000100000000)
  region size 1024K, 2 young (2048K), 2 survivors (2048K)
 Metaspace       used 34664K, committed 34944K, reserved 1081344K
  class space    used 4498K, committed 4608K, reserved 1048576K
}
Event: 4.443 GC heap before
{Heap before GC invocations=20 (full 0):
 garbage-first heap   total 240640K, used 144179K [0x00000000a1e00000, 0x0000000100000000)
  region size 1024K, 81 young (82944K), 2 survivors (2048K)
 Metaspace       used 34729K, committed 35072K, reserved 1081344K
  class space    used 4509K, committed 4672K, reserved 1048576K
}
Event: 4.447 GC heap after
{Heap after GC invocations=21 (full 0):
 garbage-first heap   total 240640K, used 67649K [0x00000000a1e00000, 0x0000000100000000)
  region size 1024K, 6 young (6144K), 6 survivors (6144K)
 Metaspace       used 34729K, committed 35072K, reserved 1081344K
  class space    used 4509K, committed 4672K, reserved 1048576K
}
Event: 4.450 GC heap before
{Heap before GC invocations=21 (full 0):
 garbage-first heap   total 240640K, used 71745K [0x00000000a1e00000, 0x0000000100000000)
  region size 1024K, 11 young (11264K), 6 survivors (6144K)
 Metaspace       used 34773K, committed 35136K, reserved 1081344K
  class space    used 4513K, committed 4672K, reserved 1048576K
}
Event: 4.453 GC heap after
{Heap after GC invocations=22 (full 0):
 garbage-first heap   total 240640K, used 67411K [0x00000000a1e00000, 0x0000000100000000)
  region size 1024K, 1 young (1024K), 1 survivors (1024K)
 Metaspace       used 34773K, committed 35136K, reserved 1081344K
  class space    used 4513K, committed 4672K, reserved 1048576K
}
Event: 4.502 GC heap before
{Heap before GC invocations=22 (full 0):
 garbage-first heap   total 240640K, used 172883K [0x00000000a1e00000, 0x0000000100000000)
  region size 1024K, 105 young (107520K), 1 survivors (1024K)
 Metaspace       used 34774K, committed 35136K, reserved 1081344K
  class space    used 4513K, committed 4672K, reserved 1048576K
}
Event: 4.519 GC heap after
{Heap after GC invocations=23 (full 0):
 garbage-first heap   total 240640K, used 71221K [0x00000000a1e00000, 0x0000000100000000)
  region size 1024K, 5 young (5120K), 5 survivors (5120K)
 Metaspace       used 34774K, committed 35136K, reserved 1081344K
  class space    used 4513K, committed 4672K, reserved 1048576K
}
Event: 4.561 GC heap before
{Heap before GC invocations=23 (full 0):
 garbage-first heap   total 240640K, used 178741K [0x00000000a1e00000, 0x0000000100000000)
  region size 1024K, 111 young (113664K), 5 survivors (5120K)
 Metaspace       used 34774K, committed 35136K, reserved 1081344K
  class space    used 4513K, committed 4672K, reserved 1048576K
}
Event: 4.593 GC heap after
{Heap after GC invocations=24 (full 0):
 garbage-first heap   total 240640K, used 75403K [0x00000000a1e00000, 0x0000000100000000)
  region size 1024K, 9 young (9216K), 9 survivors (9216K)
 Metaspace       used 34774K, committed 35136K, reserved 1081344K
  class space    used 4513K, committed 4672K, reserved 1048576K
}
Event: 4.647 GC heap before
{Heap before GC invocations=24 (full 0):
 garbage-first heap   total 240640K, used 184971K [0x00000000a1e00000, 0x0000000100000000)
  region size 1024K, 117 young (119808K), 9 survivors (9216K)
 Metaspace       used 34774K, committed 35136K, reserved 1081344K
  class space    used 4513K, committed 4672K, reserved 1048576K
}

