# JRE version: OpenJDK Runtime Environment Temurin-17.0.4+8 (17.0.4+8) (build 17.0.4+8)
# Java VM: OpenJDK 64-Bit Server VM Temurin-17.0.4+8 (17.0.4+8, mixed mode, emulated-client, tiered, compressed oops, compressed class ptrs, g1 gc, windows-amd64)
GC Precious Log:
 CPUs: 8 total, 8 available
 Memory: 6019M
 Large Page Support: Disabled
 NUMA Support: Disabled
 Compressed Oops: Enabled (32-bit)
 Heap Region Size: 1M
 Heap Min Capacity: 8M
 Heap Initial Capacity: 96M
 Heap Max Capacity: 1506M
 Pre-touch: Disabled
 Parallel Workers: 8
 Concurrent Workers: 2
 Concurrent Refinement Workers: 8
 Periodic GC: Disabled
Heap:
 garbage-first heap   total 258048K, used 85101K [0x00000000a1e00000, 0x0000000100000000)
  region size 1024K, 11 young (11264K), 11 survivors (11264K)
 Metaspace       used 34775K, committed 35136K, reserved 1081344K
  class space    used 4512K, committed 4672K, reserved 1048576K
GC Heap History (20 events):
Event: 3.296 GC heap after
{Heap after GC invocations=14 (full 0):
 garbage-first heap   total 120832K, used 33352K [0x00000000a1e00000, 0x0000000100000000)
  region size 1024K, 3 young (3072K), 3 survivors (3072K)
 Metaspace       used 33277K, committed 33536K, reserved 1081344K
  class space    used 4233K, committed 4352K, reserved 1048576K
}
Event: 3.518 GC heap before
{Heap before GC invocations=15 (full 0):
 garbage-first heap   total 120832K, used 85576K [0x00000000a1e00000, 0x0000000100000000)
  region size 1024K, 55 young (56320K), 3 survivors (3072K)
 Metaspace       used 34274K, committed 34624K, reserved 1081344K
  class space    used 4433K, committed 4608K, reserved 1048576K
}
Event: 3.530 GC heap after
{Heap after GC invocations=16 (full 0):
 garbage-first heap   total 120832K, used 45428K [0x00000000a1e00000, 0x0000000100000000)
  region size 1024K, 7 young (7168K), 7 survivors (7168K)
 Metaspace       used 34274K, committed 34624K, reserved 1081344K
  class space    used 4433K, committed 4608K, reserved 1048576K
}
Event: 3.652 GC heap before
{Heap before GC invocations=16 (full 0):
 garbage-first heap   total 120832K, used 82292K [0x00000000a1e00000, 0x0000000100000000)
  region size 1024K, 42 young (43008K), 7 survivors (7168K)
 Metaspace       used 34663K, committed 35008K, reserved 1081344K
  class space    used 4497K, committed 4672K, reserved 1048576K
}
Event: 3.678 GC heap after
{Heap after GC invocations=17 (full 0):
 garbage-first heap   total 120832K, used 61681K [0x00000000a1e00000, 0x0000000100000000)
  region size 1024K, 6 young (6144K), 6 survivors (6144K)
 Metaspace       used 34663K, committed 35008K, reserved 1081344K
  class space    used 4497K, committed 4672K, reserved 1048576K
}
Event: 3.691 GC heap before
{Heap before GC invocations=17 (full 0):
 garbage-first heap   total 120832K, used 86257K [0x00000000a1e00000, 0x0000000100000000)
  region size 1024K, 31 young (31744K), 6 survivors (6144K)
 Metaspace       used 34671K, committed 35008K, reserved 1081344K
  class space    used 4499K, committed 4672K, reserved 1048576K
}
Event: 3.695 GC heap after
{Heap after GC invocations=18 (full 0):
 garbage-first heap   total 120832K, used 64184K [0x00000000a1e00000, 0x0000000100000000)
  region size 1024K, 2 young (2048K), 2 survivors (2048K)
 Metaspace       used 34671K, committed 35008K, reserved 1081344K
  class space    used 4499K, committed 4672K, reserved 1048576K
}
Event: 3.711 GC heap before
{Heap before GC invocations=18 (full 0):
 garbage-first heap   total 120832K, used 89784K [0x00000000a1e00000, 0x0000000100000000)
  region size 1024K, 28 young (28672K), 2 survivors (2048K)
 Metaspace       used 34694K, committed 35008K, reserved 1081344K
  class space    used 4506K, committed 4672K, reserved 1048576K
}
Event: 3.712 GC heap after
{Heap after GC invocations=19 (full 0):
 garbage-first heap   total 120832K, used 65007K [0x00000000a1e00000, 0x0000000100000000)
  region size 1024K, 3 young (3072K), 3 survivors (3072K)
 Metaspace       used 34694K, committed 35008K, reserved 1081344K
  class space    used 4506K, committed 4672K, reserved 1048576K
}
Event: 3.721 GC heap before
{Heap before GC invocations=19 (full 0):
 garbage-first heap   total 120832K, used 91631K [0x00000000a1e00000, 0x0000000100000000)
  region size 1024K, 30 young (30720K), 3 survivors (3072K)
 Metaspace       used 34702K, committed 35072K, reserved 1081344K
  class space    used 4507K, committed 4672K, reserved 1048576K
}
Event: 3.724 GC heap after
{Heap after GC invocations=20 (full 0):
 garbage-first heap   total 245760K, used 66216K [0x00000000a1e00000, 0x0000000100000000)
  region size 1024K, 3 young (3072K), 3 survivors (3072K)
 Metaspace       used 34702K, committed 35072K, reserved 1081344K
  class space    used 4507K, committed 4672K, reserved 1048576K
}
Event: 3.783 GC heap before
{Heap before GC invocations=20 (full 0):
 garbage-first heap   total 258048K, used 174760K [0x00000000a1e00000, 0x0000000100000000)
  region size 1024K, 111 young (113664K), 3 survivors (3072K)
 Metaspace       used 34775K, committed 35136K, reserved 1081344K
  class space    used 4512K, committed 4672K, reserved 1048576K
}
Event: 3.788 GC heap after
{Heap after GC invocations=21 (full 0):
 garbage-first heap   total 258048K, used 69508K [0x00000000a1e00000, 0x0000000100000000)
  region size 1024K, 7 young (7168K), 7 survivors (7168K)
 Metaspace       used 34775K, committed 35136K, reserved 1081344K
  class space    used 4512K, committed 4672K, reserved 1048576K
}
Event: 3.825 GC heap before
{Heap before GC invocations=22 (full 0):
 garbage-first heap   total 258048K, used 192388K [0x00000000a1e00000, 0x0000000100000000)
  region size 1024K, 128 young (131072K), 7 survivors (7168K)
 Metaspace       used 34775K, committed 35136K, reserved 1081344K
  class space    used 4512K, committed 4672K, reserved 1048576K
}
Event: 3.853 GC heap after
{Heap after GC invocations=23 (full 0):
 garbage-first heap   total 258048K, used 74637K [0x00000000a1e00000, 0x0000000100000000)
  region size 1024K, 12 young (12288K), 12 survivors (12288K)
 Metaspace       used 34775K, committed 35136K, reserved 1081344K
  class space    used 4512K, committed 4672K, reserved 1048576K
}
Event: 3.878 GC heap before
{Heap before GC invocations=23 (full 0):
 garbage-first heap   total 258048K, used 76685K [0x00000000a1e00000, 0x0000000100000000)
  region size 1024K, 15 young (15360K), 12 survivors (12288K)
 Metaspace       used 34775K, committed 35136K, reserved 1081344K
  class space    used 4512K, committed 4672K, reserved 1048576K
}
Event: 3.885 GC heap after
{Heap after GC invocations=24 (full 0):
 garbage-first heap   total 258048K, used 75836K [0x00000000a1e00000, 0x0000000100000000)
  region size 1024K, 2 young (2048K), 2 survivors (2048K)
 Metaspace       used 34775K, committed 35136K, reserved 1081344K
  class space    used 4512K, committed 4672K, reserved 1048576K
}
Event: 3.922 GC heap before
{Heap before GC invocations=24 (full 0):
 garbage-first heap   total 258048K, used 199740K [0x00000000a1e00000, 0x0000000100000000)
  region size 1024K, 124 young (126976K), 2 survivors (2048K)
 Metaspace       used 34775K, committed 35136K, reserved 1081344K
  class space    used 4512K, committed 4672K, reserved 1048576K
}
Event: 3.926 GC heap after
{Heap after GC invocations=25 (full 0):
 garbage-first heap   total 258048K, used 79684K [0x00000000a1e00000, 0x0000000100000000)
  region size 1024K, 6 young (6144K), 6 survivors (6144K)
 Metaspace       used 34775K, committed 35136K, reserved 1081344K
  class space    used 4512K, committed 4672K, reserved 1048576K
}
Event: 3.971 GC heap before
{Heap before GC invocations=25 (full 0):
 garbage-first heap   total 258048K, used 203588K [0x00000000a1e00000, 0x0000000100000000)
  region size 1024K, 128 young (131072K), 6 survivors (6144K)
 Metaspace       used 34775K, committed 35136K, reserved 1081344K
  class space    used 4512K, committed 4672K, reserved 1048576K
}

