# JRE version: OpenJDK Runtime Environment Temurin-17.0.4+8 (17.0.4+8) (build 17.0.4+8)
# Java VM: OpenJDK 64-Bit Server VM Temurin-17.0.4+8 (17.0.4+8, mixed mode, emulated-client, tiered, compressed oops, compressed class ptrs, g1 gc, windows-amd64)
GC Precious Log:
 CPUs: 8 total, 8 available
 Memory: 6019M
 Large Page Support: Disabled
 NUMA Support: Disabled
 Compressed Oops: Enabled (32-bit)
 Heap Region Size: 1M
 Heap Min Capacity: 8M
 Heap Initial Capacity: 96M
 Heap Max Capacity: 1506M
 Pre-touch: Disabled
 Parallel Workers: 8
 Concurrent Workers: 2
 Concurrent Refinement Workers: 8
 Periodic GC: Disabled
Heap:
 garbage-first heap   total 231424K, used 76621K [0x00000000a1e00000, 0x0000000100000000)
  region size 1024K, 9 young (9216K), 9 survivors (9216K)
 Metaspace       used 34784K, committed 35136K, reserved 1081344K
  class space    used 4520K, committed 4672K, reserved 1048576K
GC Heap History (20 events):
Event: 2.892 GC heap after
{Heap after GC invocations=10 (full 0):
 garbage-first heap   total 54272K, used 27007K [0x00000000a1e00000, 0x0000000100000000)
  region size 1024K, 3 young (3072K), 3 survivors (3072K)
 Metaspace       used 32748K, committed 33024K, reserved 1081344K
  class space    used 4157K, committed 4288K, reserved 1048576K
}
Event: 2.929 GC heap before
{Heap before GC invocations=10 (full 0):
 garbage-first heap   total 54272K, used 40319K [0x00000000a1e00000, 0x0000000100000000)
  region size 1024K, 16 young (16384K), 3 survivors (3072K)
 Metaspace       used 32950K, committed 33280K, reserved 1081344K
  class space    used 4186K, committed 4352K, reserved 1048576K
}
Event: 2.932 GC heap after
{Heap after GC invocations=11 (full 0):
 garbage-first heap   total 89088K, used 29155K [0x00000000a1e00000, 0x0000000100000000)
  region size 1024K, 2 young (2048K), 2 survivors (2048K)
 Metaspace       used 32950K, committed 33280K, reserved 1081344K
  class space    used 4186K, committed 4352K, reserved 1048576K
}
Event: 3.030 GC heap before
{Heap before GC invocations=12 (full 0):
 garbage-first heap   total 89088K, used 61923K [0x00000000a1e00000, 0x0000000100000000)
  region size 1024K, 35 young (35840K), 2 survivors (2048K)
 Metaspace       used 33480K, committed 33792K, reserved 1081344K
  class space    used 4268K, committed 4416K, reserved 1048576K
}
Event: 3.036 GC heap after
{Heap after GC invocations=13 (full 0):
 garbage-first heap   total 89088K, used 35003K [0x00000000a1e00000, 0x0000000100000000)
  region size 1024K, 5 young (5120K), 5 survivors (5120K)
 Metaspace       used 33480K, committed 33792K, reserved 1081344K
  class space    used 4268K, committed 4416K, reserved 1048576K
}
Event: 3.037 GC heap before
{Heap before GC invocations=13 (full 0):
 garbage-first heap   total 89088K, used 36027K [0x00000000a1e00000, 0x0000000100000000)
  region size 1024K, 6 young (6144K), 5 survivors (5120K)
 Metaspace       used 33489K, committed 33792K, reserved 1081344K
  class space    used 4270K, committed 4416K, reserved 1048576K
}
Event: 3.041 GC heap after
{Heap after GC invocations=14 (full 0):
 garbage-first heap   total 89088K, used 36229K [0x00000000a1e00000, 0x0000000100000000)
  region size 1024K, 1 young (1024K), 1 survivors (1024K)
 Metaspace       used 33489K, committed 33792K, reserved 1081344K
  class space    used 4270K, committed 4416K, reserved 1048576K
}
Event: 3.094 GC heap before
{Heap before GC invocations=14 (full 0):
 garbage-first heap   total 89088K, used 62853K [0x00000000a1e00000, 0x0000000100000000)
  region size 1024K, 28 young (28672K), 1 survivors (1024K)
 Metaspace       used 33703K, committed 34048K, reserved 1081344K
  class space    used 4306K, committed 4480K, reserved 1048576K
}
Event: 3.101 GC heap after
{Heap after GC invocations=15 (full 0):
 garbage-first heap   total 89088K, used 43008K [0x00000000a1e00000, 0x0000000100000000)
  region size 1024K, 4 young (4096K), 4 survivors (4096K)
 Metaspace       used 33703K, committed 34048K, reserved 1081344K
  class space    used 4306K, committed 4480K, reserved 1048576K
}
Event: 3.254 GC heap before
{Heap before GC invocations=15 (full 0):
 garbage-first heap   total 89088K, used 66560K [0x00000000a1e00000, 0x0000000100000000)
  region size 1024K, 27 young (27648K), 4 survivors (4096K)
 Metaspace       used 34584K, committed 34880K, reserved 1081344K
  class space    used 4497K, committed 4608K, reserved 1048576K
}
Event: 3.261 GC heap after
{Heap after GC invocations=16 (full 0):
 garbage-first heap   total 89088K, used 50148K [0x00000000a1e00000, 0x0000000100000000)
  region size 1024K, 4 young (4096K), 4 survivors (4096K)
 Metaspace       used 34584K, committed 34880K, reserved 1081344K
  class space    used 4497K, committed 4608K, reserved 1048576K
}
Event: 3.294 GC heap before
{Heap before GC invocations=16 (full 0):
 garbage-first heap   total 89088K, used 62436K [0x00000000a1e00000, 0x0000000100000000)
  region size 1024K, 18 young (18432K), 4 survivors (4096K)
 Metaspace       used 34584K, committed 34880K, reserved 1081344K
  class space    used 4497K, committed 4608K, reserved 1048576K
}
Event: 3.304 GC heap after
{Heap after GC invocations=17 (full 0):
 garbage-first heap   total 231424K, used 57325K [0x00000000a1e00000, 0x0000000100000000)
  region size 1024K, 3 young (3072K), 3 survivors (3072K)
 Metaspace       used 34584K, committed 34880K, reserved 1081344K
  class space    used 4497K, committed 4608K, reserved 1048576K
}
Event: 3.368 GC heap before
{Heap before GC invocations=17 (full 0):
 garbage-first heap   total 231424K, used 137197K [0x00000000a1e00000, 0x0000000100000000)
  region size 1024K, 81 young (82944K), 3 survivors (3072K)
 Metaspace       used 34684K, committed 35008K, reserved 1081344K
  class space    used 4508K, committed 4672K, reserved 1048576K
}
Event: 3.385 GC heap after
{Heap after GC invocations=18 (full 0):
 garbage-first heap   total 231424K, used 65347K [0x00000000a1e00000, 0x0000000100000000)
  region size 1024K, 10 young (10240K), 10 survivors (10240K)
 Metaspace       used 34684K, committed 35008K, reserved 1081344K
  class space    used 4508K, committed 4672K, reserved 1048576K
}
Event: 3.411 GC heap before
{Heap before GC invocations=18 (full 0):
 garbage-first heap   total 231424K, used 149315K [0x00000000a1e00000, 0x0000000100000000)
  region size 1024K, 93 young (95232K), 10 survivors (10240K)
 Metaspace       used 34784K, committed 35136K, reserved 1081344K
  class space    used 4520K, committed 4672K, reserved 1048576K
}
Event: 3.427 GC heap after
{Heap after GC invocations=19 (full 0):
 garbage-first heap   total 231424K, used 69099K [0x00000000a1e00000, 0x0000000100000000)
  region size 1024K, 4 young (4096K), 4 survivors (4096K)
 Metaspace       used 34784K, committed 35136K, reserved 1081344K
  class space    used 4520K, committed 4672K, reserved 1048576K
}
Event: 3.454 GC heap before
{Heap before GC invocations=19 (full 0):
 garbage-first heap   total 231424K, used 167403K [0x00000000a1e00000, 0x0000000100000000)
  region size 1024K, 102 young (104448K), 4 survivors (4096K)
 Metaspace       used 34784K, committed 35136K, reserved 1081344K
  class space    used 4520K, committed 4672K, reserved 1048576K
}
Event: 3.458 GC heap after
{Heap after GC invocations=20 (full 0):
 garbage-first heap   total 231424K, used 73195K [0x00000000a1e00000, 0x0000000100000000)
  region size 1024K, 8 young (8192K), 8 survivors (8192K)
 Metaspace       used 34784K, committed 35136K, reserved 1081344K
  class space    used 4520K, committed 4672K, reserved 1048576K
}
Event: 3.480 GC heap before
{Heap before GC invocations=20 (full 0):
 garbage-first heap   total 231424K, used 173547K [0x00000000a1e00000, 0x0000000100000000)
  region size 1024K, 107 young (109568K), 8 survivors (8192K)
 Metaspace       used 34784K, committed 35136K, reserved 1081344K
  class space    used 4520K, committed 4672K, reserved 1048576K
}

